<?xml version="1.0" encoding="UTF-8" standalone="yes"?><!DOCTYPE report PUBLIC "-//JACOCO//DTD Report 1.1//EN" "report.dtd"><report name="labo1"><sessioninfo id="francos-MacBook-Air.local-7f298c28" start="1724088630270" dump="1724088630818"/><sessioninfo id="francos-MacBook-Air.local-263562cc" start="1724090279413" dump="1724090279861"/><sessioninfo id="francos-MacBook-Air.local-2083eb23" start="1724090401176" dump="1724090401644"/><sessioninfo id="francos-MacBook-Air.local-256e0b3f" start="1724090643347" dump="1724090643794"/><sessioninfo id="francos-MacBook-Air.local-b2d343d" start="1724090844157" dump="1724090844611"/><sessioninfo id="francos-MacBook-Air.local-f1e91076" start="1724090896944" dump="1724090897413"/><sessioninfo id="francos-MacBook-Air.local-3acbc9df" start="1724091064111" dump="1724091064600"/><sessioninfo id="francos-MacBook-Air.local-ce0ec75d" start="1724091093737" dump="1724091094178"/><sessioninfo id="francos-MacBook-Air.local-7816bd71" start="1724091113683" dump="1724091114145"/><sessioninfo id="francos-MacBook-Air.local-257f1b9e" start="1724091139897" dump="1724091140357"/><sessioninfo id="francos-MacBook-Air.local-2375cbc5" start="1724091304764" dump="1724091305228"/><sessioninfo id="francos-MacBook-Air.local-3e8b72a2" start="1724091520962" dump="1724091521421"/><sessioninfo id="francos-MacBook-Air.local-81c0067e" start="1724092083551" dump="1724092084007"/><sessioninfo id="francos-MacBook-Air.local-920e4f01" start="1724092244419" dump="1724092274869"/><sessioninfo id="francos-MacBook-Air.local-27258d67" start="1724092277027" dump="1724092293864"/><sessioninfo id="francos-MacBook-Air.local-487123d6" start="1724092313737" dump="1724092314171"/><sessioninfo id="francos-MacBook-Air.local-489f8d81" start="1724092989266" dump="1724092989740"/><sessioninfo id="francos-MacBook-Air.local-d91c4601" start="1724093166328" dump="1724093166784"/><sessioninfo id="francos-MacBook-Air.local-65e68e88" start="1724106011538" dump="1724106012149"/><sessioninfo id="francos-MacBook-Air.local-5ececc5a" start="1724106119587" dump="1724106120043"/><sessioninfo id="francos-MacBook-Air.local-681b97a7" start="1724106180668" dump="1724106181119"/><sessioninfo id="francos-MacBook-Air.local-cfc201fd" start="1724106242663" dump="1724106243102"/><sessioninfo id="francos-MacBook-Air.local-72d3afdb" start="1724106279348" dump="1724106279999"/><sessioninfo id="francos-MacBook-Air.local-d875c9b1" start="1724106408402" dump="1724106409040"/><sessioninfo id="francos-MacBook-Air.local-6d88ab22" start="1724106587808" dump="1724106588275"/><sessioninfo id="francos-MacBook-Air.local-b5b4d7dd" start="1724106846803" dump="1724106847410"/><sessioninfo id="francos-MacBook-Air.local-ecfbd49e" start="1724107197382" dump="1724107197986"/><sessioninfo id="francos-MacBook-Air.local-f9174e06" start="1724107214030" dump="1724107214462"/><sessioninfo id="francos-MacBook-Air.local-e4604f28" start="1724107255548" dump="1724107255974"/><sessioninfo id="francos-MacBook-Air.local-b9cf6f65" start="1724107286162" dump="1724107286593"/><sessioninfo id="francos-MacBook-Air.local-3c2158ae" start="1724107310639" dump="1724107311072"/><sessioninfo id="francos-MacBook-Air.local-c18fed6" start="1724107324449" dump="1724107325061"/><sessioninfo id="francos-MacBook-Air.local-eeeafc18" start="1724107454739" dump="1724107455181"/><sessioninfo id="francos-MacBook-Air.local-c6445909" start="1724107466727" dump="1724107467160"/><sessioninfo id="francos-MacBook-Air.local-be31c87c" start="1724107474650" dump="1724107475080"/><sessioninfo id="francos-MacBook-Air.local-41b7195f" start="1724107627180" dump="1724107627854"/><sessioninfo id="francos-MacBook-Air.local-b3558329" start="1724414689611" dump="1724414690316"/><sessioninfo id="francos-MacBook-Air.local-664441f2" start="1724414699571" dump="1724414700285"/><package name="aed"><class name="aed/Funciones" sourcefilename="Funciones.java"><method name="&lt;init&gt;" desc="()V" line="3"><counter type="INSTRUCTION" missed="0" covered="3"/><counter type="LINE" missed="0" covered="1"/><counter type="COMPLEXITY" missed="0" covered="1"/><counter type="METHOD" missed="0" covered="1"/></method><method name="cuadrado" desc="(I)I" line="5"><counter type="INSTRUCTION" missed="0" covered="4"/><counter type="LINE" missed="0" covered="1"/><counter type="COMPLEXITY" missed="0" covered="1"/><counter type="METHOD" missed="0" covered="1"/></method><method name="distancia" desc="(DD)D" line="9"><counter type="INSTRUCTION" missed="0" covered="11"/><counter type="LINE" missed="0" covered="2"/><counter type="COMPLEXITY" missed="0" covered="1"/><counter type="METHOD" missed="0" covered="1"/></method><method name="esPar" desc="(I)Z" line="14"><counter type="INSTRUCTION" missed="0" covered="10"/><counter type="BRANCH" missed="0" covered="2"/><counter type="LINE" missed="0" covered="2"/><counter type="COMPLEXITY" missed="0" covered="2"/><counter type="METHOD" missed="0" covered="1"/></method><method name="esBisiesto" desc="(I)Z" line="19"><counter type="INSTRUCTION" missed="0" covered="36"/><counter type="BRANCH" missed="0" covered="12"/><counter type="LINE" missed="0" covered="5"/><counter type="COMPLEXITY" missed="0" covered="7"/><counter type="METHOD" missed="0" covered="1"/></method><method name="factorialIterativo" desc="(I)I" line="27"><counter type="INSTRUCTION" missed="0" covered="17"/><counter type="BRANCH" missed="0" covered="2"/><counter type="LINE" missed="0" covered="6"/><counter type="COMPLEXITY" missed="0" covered="2"/><counter type="METHOD" missed="0" covered="1"/></method><method name="factorialRecursivo" desc="(I)I" line="37"><counter type="INSTRUCTION" missed="0" covered="17"/><counter type="BRANCH" missed="0" covered="2"/><counter type="LINE" missed="0" covered="6"/><counter type="COMPLEXITY" missed="0" covered="2"/><counter type="METHOD" missed="0" covered="1"/></method><method name="esPrimo" desc="(I)Z" line="47"><counter type="INSTRUCTION" missed="0" covered="20"/><counter type="BRANCH" missed="0" covered="6"/><counter type="LINE" missed="0" covered="6"/><counter type="COMPLEXITY" missed="0" covered="4"/><counter type="METHOD" missed="0" covered="1"/></method><method name="sumatoria" desc="([I)I" line="60"><counter type="INSTRUCTION" missed="0" covered="24"/><counter type="BRANCH" missed="0" covered="2"/><counter type="LINE" missed="0" covered="4"/><counter type="COMPLEXITY" missed="0" covered="2"/><counter type="METHOD" missed="0" covered="1"/></method><method name="busqueda" desc="([II)I" line="68"><counter type="INSTRUCTION" missed="2" covered="15"/><counter type="BRANCH" missed="1" covered="3"/><counter type="LINE" missed="1" covered="3"/><counter type="COMPLEXITY" missed="1" covered="2"/><counter type="METHOD" missed="0" covered="1"/></method><method name="tienePrimo" desc="([I)Z" line="77"><counter type="INSTRUCTION" missed="0" covered="24"/><counter type="BRANCH" missed="0" covered="4"/><counter type="LINE" missed="0" covered="4"/><counter type="COMPLEXITY" missed="0" covered="3"/><counter type="METHOD" missed="0" covered="1"/></method><method name="todosPares" desc="([I)Z" line="86"><counter type="INSTRUCTION" missed="0" covered="24"/><counter type="BRANCH" missed="0" covered="4"/><counter type="LINE" missed="0" covered="4"/><counter type="COMPLEXITY" missed="0" covered="3"/><counter type="METHOD" missed="0" covered="1"/></method><method name="esPrefijo" desc="(Ljava/lang/String;Ljava/lang/String;)Z" line="95"><counter type="INSTRUCTION" missed="0" covered="26"/><counter type="BRANCH" missed="0" covered="6"/><counter type="LINE" missed="0" covered="6"/><counter type="COMPLEXITY" missed="0" covered="4"/><counter type="METHOD" missed="0" covered="1"/></method><method name="esSufijo" desc="(Ljava/lang/String;Ljava/lang/String;)Z" line="107"><counter type="INSTRUCTION" missed="0" covered="36"/><counter type="BRANCH" missed="0" covered="6"/><counter type="LINE" missed="0" covered="6"/><counter type="COMPLEXITY" missed="0" covered="4"/><counter type="METHOD" missed="0" covered="1"/></method><counter type="INSTRUCTION" missed="2" covered="267"/><counter type="BRANCH" missed="1" covered="49"/><counter type="LINE" missed="1" covered="56"/><counter type="COMPLEXITY" missed="1" covered="38"/><counter type="METHOD" missed="0" covered="14"/><counter type="CLASS" missed="0" covered="1"/></class><sourcefile name="Funciones.java"><line nr="3" mi="0" ci="3" mb="0" cb="0"/><line nr="5" mi="0" ci="4" mb="0" cb="0"/><line nr="9" mi="0" ci="9" mb="0" cb="0"/><line nr="10" mi="0" ci="2" mb="0" cb="0"/><line nr="14" mi="0" ci="8" mb="0" cb="2"/><line nr="15" mi="0" ci="2" mb="0" cb="0"/><line nr="19" mi="0" ci="8" mb="0" cb="2"/><line nr="20" mi="0" ci="8" mb="0" cb="2"/><line nr="21" mi="0" ci="8" mb="0" cb="2"/><line nr="22" mi="0" ci="10" mb="0" cb="6"/><line nr="23" mi="0" ci="2" mb="0" cb="0"/><line nr="27" mi="0" ci="2" mb="0" cb="0"/><line nr="28" mi="0" ci="2" mb="0" cb="2"/><line nr="29" mi="0" ci="2" mb="0" cb="0"/><line nr="30" mi="0" ci="1" mb="0" cb="0"/><line nr="31" mi="0" ci="8" mb="0" cb="0"/><line nr="33" mi="0" ci="2" mb="0" cb="0"/><line nr="37" mi="0" ci="2" mb="0" cb="0"/><line nr="38" mi="0" ci="2" mb="0" cb="2"/><line nr="39" mi="0" ci="2" mb="0" cb="0"/><line nr="40" mi="0" ci="1" mb="0" cb="0"/><line nr="41" mi="0" ci="8" mb="0" cb="0"/><line nr="43" mi="0" ci="2" mb="0" cb="0"/><line nr="47" mi="0" ci="3" mb="0" cb="2"/><line nr="48" mi="0" ci="2" mb="0" cb="0"/><line nr="50" mi="0" ci="7" mb="0" cb="2"/><line nr="51" mi="0" ci="4" mb="0" cb="2"/><line nr="52" mi="0" ci="2" mb="0" cb="0"/><line nr="56" mi="0" ci="2" mb="0" cb="0"/><line nr="60" mi="0" ci="2" mb="0" cb="0"/><line nr="61" mi="0" ci="16" mb="0" cb="2"/><line nr="62" mi="0" ci="4" mb="0" cb="0"/><line nr="64" mi="0" ci="2" mb="0" cb="0"/><line nr="68" mi="0" ci="8" mb="1" cb="1"/><line nr="69" mi="0" ci="5" mb="0" cb="2"/><line nr="70" mi="0" ci="2" mb="0" cb="0"/><line nr="73" mi="2" ci="0" mb="0" cb="0"/><line nr="77" mi="0" ci="16" mb="0" cb="2"/><line nr="78" mi="0" ci="4" mb="0" cb="2"/><line nr="79" mi="0" ci="2" mb="0" cb="0"/><line nr="82" mi="0" ci="2" mb="0" cb="0"/><line nr="86" mi="0" ci="16" mb="0" cb="2"/><line nr="87" mi="0" ci="4" mb="0" cb="2"/><line nr="88" mi="0" ci="2" mb="0" cb="0"/><line nr="91" mi="0" ci="2" mb="0" cb="0"/><line nr="95" mi="0" ci="5" mb="0" cb="2"/><line nr="96" mi="0" ci="2" mb="0" cb="0"/><line nr="98" mi="0" ci="8" mb="0" cb="2"/><line nr="99" mi="0" ci="7" mb="0" cb="2"/><line nr="100" mi="0" ci="2" mb="0" cb="0"/><line nr="103" mi="0" ci="2" mb="0" cb="0"/><line nr="107" mi="0" ci="5" mb="0" cb="2"/><line nr="108" mi="0" ci="2" mb="0" cb="0"/><line nr="110" mi="0" ci="8" mb="0" cb="2"/><line nr="111" mi="0" ci="17" mb="0" cb="2"/><line nr="112" mi="0" ci="2" mb="0" cb="0"/><line nr="115" mi="0" ci="2" mb="0" cb="0"/><counter type="INSTRUCTION" missed="2" covered="267"/><counter type="BRANCH" missed="1" covered="49"/><counter type="LINE" missed="1" covered="56"/><counter type="COMPLEXITY" missed="1" covered="38"/><counter type="METHOD" missed="0" covered="14"/><counter type="CLASS" missed="0" covered="1"/></sourcefile><counter type="INSTRUCTION" missed="2" covered="267"/><counter type="BRANCH" missed="1" covered="49"/><counter type="LINE" missed="1" covered="56"/><counter type="COMPLEXITY" missed="1" covered="38"/><counter type="METHOD" missed="0" covered="14"/><counter type="CLASS" missed="0" covered="1"/></package><counter type="INSTRUCTION" missed="2" covered="267"/><counter type="BRANCH" missed="1" covered="49"/><counter type="LINE" missed="1" covered="56"/><counter type="COMPLEXITY" missed="1" covered="38"/><counter type="METHOD" missed="0" covered="14"/><counter type="CLASS" missed="0" covered="1"/></report>